<?xml version="1.0" encoding="UTF-8"?>
<!-- Generated by org.testng.reporters.JUnitXMLReporter -->
<testsuite hostname="SP2BVDIW7DV0001" ignored="2" name="Test" tests="2" failures="0" timestamp="24 Dec 2019 09:28:40 GMT" time="90.783" errors="0">
  <testcase name="@BeforeClass app" time="8.504" classname="com.Banking.Test.SearchPageTest">
    <failure type="org.openqa.selenium.TimeoutException" message="Expected condition failed: waiting for visibility of element located by By.xpath: //input[@id=&amp;quot;si_popup_email&amp;quot;] (tried for 3 second(s) with 500 milliseconds interval)
Build info: version: &amp;apos;3.13.0&amp;apos;, revision: &amp;apos;2f0d292&amp;apos;, time: &amp;apos;2018-06-25T15:24:21.231Z&amp;apos;
System info: host: &amp;apos;SP2BVDIW7DV0001&amp;apos;, ip: &amp;apos;10.25.69.243&amp;apos;, os.name: &amp;apos;Windows 7&amp;apos;, os.arch: &amp;apos;amd64&amp;apos;, os.version: &amp;apos;6.1&amp;apos;, java.version: &amp;apos;1.8.0_181&amp;apos;
Driver info: org.openqa.selenium.chrome.ChromeDriver
Capabilities {acceptInsecureCerts: false, browserName: chrome, browserVersion: 75.0.3770.80, chrome: {chromedriverVersion: 75.0.3770.90 (a6dcaf7e3ec6f..., userDataDir: C:\Users\UX016420\AppData\L...}, goog:chromeOptions: {debuggerAddress: localhost:52650}, javascriptEnabled: true, networkConnectionEnabled: false, pageLoadStrategy: normal, platform: XP, platformName: XP, proxy: Proxy(), setWindowRect: true, strictFileInteractability: false, timeouts: {implicit: 0, pageLoad: 300000, script: 30000}, unhandledPromptBehavior: dismiss and notify}
Session ID: 4b1dfbdd136f252f3cbb66f82588c6a8">
      <![CDATA[org.openqa.selenium.TimeoutException: Expected condition failed: waiting for visibility of element located by By.xpath: //input[@id="si_popup_email"] (tried for 3 second(s) with 500 milliseconds interval)
Build info: version: '3.13.0', revision: '2f0d292', time: '2018-06-25T15:24:21.231Z'
System info: host: 'SP2BVDIW7DV0001', ip: '10.25.69.243', os.name: 'Windows 7', os.arch: 'amd64', os.version: '6.1', java.version: '1.8.0_181'
Driver info: org.openqa.selenium.chrome.ChromeDriver
Capabilities {acceptInsecureCerts: false, browserName: chrome, browserVersion: 75.0.3770.80, chrome: {chromedriverVersion: 75.0.3770.90 (a6dcaf7e3ec6f..., userDataDir: C:\Users\UX016420\AppData\L...}, goog:chromeOptions: {debuggerAddress: localhost:52650}, javascriptEnabled: true, networkConnectionEnabled: false, pageLoadStrategy: normal, platform: XP, platformName: XP, proxy: Proxy(), setWindowRect: true, strictFileInteractability: false, timeouts: {implicit: 0, pageLoad: 300000, script: 30000}, unhandledPromptBehavior: dismiss and notify}
Session ID: 4b1dfbdd136f252f3cbb66f82588c6a8
at org.openqa.selenium.support.ui.WebDriverWait.timeoutException(WebDriverWait.java:81)
at org.openqa.selenium.support.ui.FluentWait.until(FluentWait.java:271)
at com.Banking.Pages.BasePage.waitForElement(BasePage.java:34)
at com.Banking.Pages.LoginPage.doLogin(LoginPage.java:36)
at com.Banking.Test.SearchPageTest.app(SearchPageTest.java:20)
... Removed 26 stack frames]]>
    </failure>
  </testcase> <!-- @BeforeClass app -->
  <testcase name="@AfterMethod afterMethod" time="0.0" classname="com.Banking.BaseTest.BaseTest">
    <skipped/>
  </testcase> <!-- @AfterMethod afterMethod -->
  <testcase name="doLoginTest" time="6.361" classname="com.Banking.Test.LoginPageTest"/>
  <testcase name="Seachcoursetest" time="0.0" classname="com.Banking.Test.SearchPageTest">
    <skipped/>
  </testcase> <!-- Seachcoursetest -->
  <testcase name="@BeforeSuite open" time="0.0" classname="com.Banking.BaseTest.BaseTest">
    <ignored/>
  </testcase> <!-- @BeforeSuite open -->
  <testcase name="@AfterSuite afterSuite" time="0.0" classname="com.Banking.BaseTest.BaseTest">
    <ignored/>
  </testcase> <!-- @AfterSuite afterSuite -->
</testsuite> <!-- Test -->
